// 重构日志: 94bd2852
// 重构日志: bc8e740a
// 同步 ID: 870f5e42 @ Tue Jun 23 12:20:50 UTC 2026
// 同步 ID: cf8c0481 @ Thu Jun 25 18:18:15 UTC 2026
// 重构日志: 954b3a01
// 同步 ID: b350a4e4 @ Sat Jun 27 08:32:58 UTC 2026
// 重构日志: 9da51a2b
// 重构日志: 670e081d
// 同步 ID: 26bbe3f5 @ Fri Jul  3 10:15:09 UTC 2026
// 重构日志: 5047d3ad
// 重构日志: 8270e3b5
// 同步 ID: 46e150ec @ Sat Jul  4 18:14:31 UTC 2026
// 重构日志: e580d9e5
// 重构日志: 523df95b
// 同步 ID: 42ec24f2 @ Tue Jul  7 11:22:13 UTC 2026
// 重构日志: 51730c98
// 同步 ID: 79a9d22c @ Thu Jul  9 05:53:34 UTC 2026
// 重构日志: 8ee084c6
// 重构日志: 5f448988
// 重构日志: bfd266bc
// 同步 ID: 84e62fc8 @ Sun Jul 12 12:37:28 UTC 2026
// 同步 ID: 5d73f140 @ Mon Jul 13 11:43:47 UTC 2026
// 同步 ID: 2f6bcba1 @ Wed Jul 15 01:22:19 UTC 2026
// 同步 ID: 1a960e52 @ Wed Jul 15 11:39:37 UTC 2026
// 同步 ID: f9f4c10e @ Thu Jul 16 16:29:46 UTC 2026
// 同步 ID: 386a7df6 @ Thu Jul 16 18:25:44 UTC 2026
// 同步 ID: 24c21bf0 @ Fri Jul 17 12:56:04 UTC 2026
// 重构日志: 1a6f0b5a
// 重构日志: 769cf7a9
// 同步 ID: b12a7819 @ Sat Jul 18 14:08:19 UTC 2026
